[2019-03-25 16:39:50] local.ERROR: There are no commands defined in the "confirmation" namespace. {"exception":"[object] (Symfony\\Component\\Console\\Exception\\NamespaceNotFoundException(code: 0): There are no commands defined in the \"confirmation\" namespace. at /home/armin/Documents/PHP/Piscine_MVC_Free_Ads/vendor/symfony/console/Application.php:585)
[stacktrace]
#0 /home/armin/Documents/PHP/Piscine_MVC_Free_Ads/vendor/symfony/console/Application.php(625): Symfony\\Component\\Console\\Application->findNamespace('confirmation')
#1 /home/armin/Documents/PHP/Piscine_MVC_Free_Ads/vendor/symfony/console/Application.php(233): Symfony\\Component\\Console\\Application->find('confirmation:au...')
#2 /home/armin/Documents/PHP/Piscine_MVC_Free_Ads/vendor/symfony/console/Application.php(145): Symfony\\Component\\Console\\Application->doRun(Object(Symfony\\Component\\Console\\Input\\ArgvInput), Object(Symfony\\Component\\Console\\Output\\ConsoleOutput))
#3 /home/armin/Documents/PHP/Piscine_MVC_Free_Ads/vendor/laravel/framework/src/Illuminate/Console/Application.php(90): Symfony\\Component\\Console\\Application->run(Object(Symfony\\Component\\Console\\Input\\ArgvInput), Object(Symfony\\Component\\Console\\Output\\ConsoleOutput))
#4 /home/armin/Documents/PHP/Piscine_MVC_Free_Ads/vendor/laravel/framework/src/Illuminate/Foundation/Console/Kernel.php(122): Illuminate\\Console\\Application->run(Object(Symfony\\Component\\Console\\Input\\ArgvInput), Object(Symfony\\Component\\Console\\Output\\ConsoleOutput))
#5 /home/armin/Documents/PHP/Piscine_MVC_Free_Ads/artisan(37): Illuminate\\Foundation\\Console\\Kernel->handle(Object(Symfony\\Component\\Console\\Input\\ArgvInput), Object(Symfony\\Component\\Console\\Output\\ConsoleOutput))
#6 {main}
"} 
[2019-03-25 16:40:26] local.ERROR: There are no commands defined in the "confirmation" namespace. {"exception":"[object] (Symfony\\Component\\Console\\Exception\\NamespaceNotFoundException(code: 0): There are no commands defined in the \"confirmation\" namespace. at /home/armin/Documents/PHP/Piscine_MVC_Free_Ads/vendor/symfony/console/Application.php:585)
[stacktrace]
#0 /home/armin/Documents/PHP/Piscine_MVC_Free_Ads/vendor/symfony/console/Application.php(625): Symfony\\Component\\Console\\Application->findNamespace('confirmation')
#1 /home/armin/Documents/PHP/Piscine_MVC_Free_Ads/vendor/symfony/console/Application.php(233): Symfony\\Component\\Console\\Application->find('confirmation:au...')
#2 /home/armin/Documents/PHP/Piscine_MVC_Free_Ads/vendor/symfony/console/Application.php(145): Symfony\\Component\\Console\\Application->doRun(Object(Symfony\\Component\\Console\\Input\\ArgvInput), Object(Symfony\\Component\\Console\\Output\\ConsoleOutput))
#3 /home/armin/Documents/PHP/Piscine_MVC_Free_Ads/vendor/laravel/framework/src/Illuminate/Console/Application.php(90): Symfony\\Component\\Console\\Application->run(Object(Symfony\\Component\\Console\\Input\\ArgvInput), Object(Symfony\\Component\\Console\\Output\\ConsoleOutput))
#4 /home/armin/Documents/PHP/Piscine_MVC_Free_Ads/vendor/laravel/framework/src/Illuminate/Foundation/Console/Kernel.php(122): Illuminate\\Console\\Application->run(Object(Symfony\\Component\\Console\\Input\\ArgvInput), Object(Symfony\\Component\\Console\\Output\\ConsoleOutput))
#5 /home/armin/Documents/PHP/Piscine_MVC_Free_Ads/artisan(37): Illuminate\\Foundation\\Console\\Kernel->handle(Object(Symfony\\Component\\Console\\Input\\ArgvInput), Object(Symfony\\Component\\Console\\Output\\ConsoleOutput))
#6 {main}
"} 
